#
# There is insufficient memory for the Java Runtime Environment to continue.
# Native memory allocation (mmap) failed to map 130023424 bytes. Error detail: G1 virtual space
# Possible reasons:
#   The system is out of physical RAM or swap space
#   This process is running with CompressedOops enabled, and the Java Heap may be blocking the growth of the native heap
# Possible solutions:
#   Reduce memory load on the system
#   Increase physical memory or swap space
#   Check if swap backing store is full
#   Decrease Java heap size (-Xmx/-Xms)
#   Decrease number of Java threads
#   Decrease Java thread stack sizes (-Xss)
#   Set larger code cache with -XX:ReservedCodeCacheSize=
#   JVM is running with Unscaled Compressed Oops mode in which the Java heap is
#     placed in the first 4GB address space. The Java Heap base address is the
#     maximum limit for the native heap growth. Please use -XX:HeapBaseMinAddress
#     to set the Java Heap base and to place the Java Heap above 4GB virtual address.
# This output file may be truncated or incomplete.
#
#  Out of Memory Error (os_windows.cpp:3898), pid=20756, tid=25540
#
# JRE version:  (21.0.6+9) (build )
# Java VM: OpenJDK 64-Bit Server VM (21.0.6+9-b895.109, mixed mode, sharing, tiered, compressed oops, compressed class ptrs, g1 gc, windows-amd64)
# No core dump will be written. Minidumps are not enabled by default on client versions of Windows
#

---------------  S U M M A R Y ------------

Command Line: git4idea.http.GitAskPassApp Username for 'https://github.com': 

Host: Intel(R) Core(TM) i5-10210U CPU @ 1.60GHz, 8 cores, 7G,  Windows 10 , 64 bit Build 19041 (10.0.19041.2364)
Time: Thu Jun  5 16:05:35 2025 Hora oficial do Brasil elapsed time: 0.027148 seconds (0d 0h 0m 0s)

---------------  T H R E A D  ---------------

Current thread (0x000001d01a9703b0):  JavaThread "Unknown thread" [_thread_in_vm, id=25540, stack(0x000000c14c900000,0x000000c14ca00000) (1024K)]

Stack: [0x000000c14c900000,0x000000c14ca00000]
Native frames: (J=compiled Java code, j=interpreted, Vv=VM code, C=native code)
V  [jvm.dll+0x6e5cb9]
V  [jvm.dll+0x8c4113]
V  [jvm.dll+0x8c666e]
V  [jvm.dll+0x8c6d53]
V  [jvm.dll+0x288f76]
V  [jvm.dll+0x6e2575]
V  [jvm.dll+0x6d602a]
V  [jvm.dll+0x3635db]
V  [jvm.dll+0x36b1a6]
V  [jvm.dll+0x3bd4f6]
V  [jvm.dll+0x3bd7c8]
V  [jvm.dll+0x335d2c]
V  [jvm.dll+0x336a1b]
V  [jvm.dll+0x88b569]
V  [jvm.dll+0x3ca6c8]
V  [jvm.dll+0x8745b8]
V  [jvm.dll+0x45f0de]
V  [jvm.dll+0x460dc1]
C  [jli.dll+0x52ab]
C  [ucrtbase.dll+0x21bb2]
C  [KERNEL32.DLL+0x17614]
C  [ntdll.dll+0x526a1]


---------------  P R O C E S S  ---------------

Threads class SMR info:
_java_thread_list=0x00007fff5b99a148, length=0, elements={
}

Java Threads: ( => current thread )
Total: 0

Other Threads:
  0x000001d01cd1cc80 WorkerThread "GC Thread#0"                     [id=25008, stack(0x000000c14ca00000,0x000000c14cb00000) (1024K)]
  0x000001d01cd2d460 ConcurrentGCThread "G1 Main Marker"            [id=5912, stack(0x000000c14cb00000,0x000000c14cc00000) (1024K)]
  0x000001d01cd2de70 WorkerThread "G1 Conc#0"                       [id=25536, stack(0x000000c14cc00000,0x000000c14cd00000) (1024K)]

[error occurred during error reporting (printing all threads), id 0xc0000005, EXCEPTION_ACCESS_VIOLATION (0xc0000005) at pc=0x00007fff5b088e07]
VM state: not at safepoint (not fully initialized)

VM Mutex/Monitor currently owned by a thread:  ([mutex/lock_event])
[0x00007fff5ba0eb30] Heap_lock - owner thread: 0x000001d01a9703b0

Heap address: 0x0000000084600000, size: 1978 MB, Compressed Oops mode: 32-bit

CDS archive(s) mapped at: [0x0000000000000000-0x0000000000000000-0x0000000000000000), size 0, SharedBaseAddress: 0x0000000800000000, ArchiveRelocationMode: 1.
Narrow klass base: 0x0000000000000000, Narrow klass shift: 0, Narrow klass range: 0x0

GC Precious Log:
 CardTable entry size: 512
 Card Set container configuration: InlinePtr #cards 5 size 8 Array Of Cards #cards 12 size 40 Howl #buckets 4 coarsen threshold 1843 Howl Bitmap #cards 512 size 80 coarsen threshold 460 Card regions per heap region 1 cards per card region 2048

Heap:
 garbage-first heap   total 0K, used 0K [0x0000000084600000, 0x0000000100000000)
  region size 1024K, 0 young (0K), 0 survivors (0K)
 Metaspace       used 0K, committed 0K, reserved 0K
  class space    used 0K, committed 0K, reserved 0K

Heap Regions: E=young(eden), S=young(survivor), O=old, HS=humongous(starts), HC=humongous(continues), CS=collection set, F=free, TAMS=top-at-mark-start, PB=parsable bottom

Card table byte_map: [0x000001d030420000,0x000001d030800000] _byte_map_base: 0x000001d02fffd000

Marking Bits: (CMBitMap*) 0x000001d01cd1d290
 Bits: [0x000001d030800000, 0x000001d0326e8000)

GC Heap History (0 events):
No events

Dll operation events (1 events):
Event: 0.017 Loaded shared library C:\Program Files\JetBrains\PyCharm 2025.1.1.1\jbr\bin\java.dll

Deoptimization events (0 events):
No events

Classes loaded (0 events):
No events

Classes unloaded (0 events):
No events

Classes redefined (0 events):
No events

Internal exceptions (0 events):
No events

ZGC Phase Switch (0 events):
No events

VM Operations (0 events):
No events

Memory protections (0 events):
No events

Nmethod flushes (0 events):
No events

Events (0 events):
No events


Dynamic libraries:
0x00007ff6609e0000 - 0x00007ff6609ea000 	C:\Program Files\JetBrains\PyCharm 2025.1.1.1\jbr\bin\java.exe
0x00007fff9f2b0000 - 0x00007fff9f4a8000 	C:\Windows\SYSTEM32\ntdll.dll
0x00007fff9d430000 - 0x00007fff9d4ef000 	C:\Windows\System32\KERNEL32.DLL
0x00007fff9caf0000 - 0x00007fff9cdc2000 	C:\Windows\System32\KERNELBASE.dll
0x00007fff9c9f0000 - 0x00007fff9caf0000 	C:\Windows\System32\ucrtbase.dll
0x00007fff98360000 - 0x00007fff9837b000 	C:\Program Files\JetBrains\PyCharm 2025.1.1.1\jbr\bin\VCRUNTIME140.dll
0x00007fff97800000 - 0x00007fff97818000 	C:\Program Files\JetBrains\PyCharm 2025.1.1.1\jbr\bin\jli.dll
0x00007fff9d990000 - 0x00007fff9db31000 	C:\Windows\System32\USER32.dll
0x00007fff9c970000 - 0x00007fff9c992000 	C:\Windows\System32\win32u.dll
0x00007fff85720000 - 0x00007fff859ba000 	C:\Windows\WinSxS\amd64_microsoft.windows.common-controls_6595b64144ccf1df_6.0.19041.1110_none_60b5254171f9507e\COMCTL32.dll
0x00007fff9d960000 - 0x00007fff9d98b000 	C:\Windows\System32\GDI32.dll
0x00007fff9e450000 - 0x00007fff9e4ee000 	C:\Windows\System32\msvcrt.dll
0x00007fff9cff0000 - 0x00007fff9d0ff000 	C:\Windows\System32\gdi32full.dll
0x00007fff9d170000 - 0x00007fff9d20d000 	C:\Windows\System32\msvcp_win.dll
0x00007fff9f070000 - 0x00007fff9f0a2000 	C:\Windows\System32\IMM32.DLL
0x00007fff98350000 - 0x00007fff9835c000 	C:\Program Files\JetBrains\PyCharm 2025.1.1.1\jbr\bin\vcruntime140_1.dll
0x00007fff69900000 - 0x00007fff6998d000 	C:\Program Files\JetBrains\PyCharm 2025.1.1.1\jbr\bin\msvcp140.dll
0x00007fff5ad40000 - 0x00007fff5bb01000 	C:\Program Files\JetBrains\PyCharm 2025.1.1.1\jbr\bin\server\jvm.dll
0x00007fff9eeb0000 - 0x00007fff9ef5e000 	C:\Windows\System32\ADVAPI32.dll
0x00007fff9e9f0000 - 0x00007fff9ea8c000 	C:\Windows\System32\sechost.dll
0x00007fff9f110000 - 0x00007fff9f235000 	C:\Windows\System32\RPCRT4.dll
0x00007fff9e610000 - 0x00007fff9e67b000 	C:\Windows\System32\WS2_32.dll
0x00007fff89100000 - 0x00007fff89127000 	C:\Windows\SYSTEM32\WINMM.dll
0x00007fff91e80000 - 0x00007fff91e8a000 	C:\Windows\SYSTEM32\VERSION.dll
0x00007fff9bef0000 - 0x00007fff9bf3b000 	C:\Windows\SYSTEM32\POWRPROF.dll
0x00007fff9bdb0000 - 0x00007fff9bdc2000 	C:\Windows\SYSTEM32\UMPDC.dll
0x00007fff9a750000 - 0x00007fff9a762000 	C:\Windows\SYSTEM32\kernel.appcore.dll
0x00007fff98330000 - 0x00007fff9833a000 	C:\Program Files\JetBrains\PyCharm 2025.1.1.1\jbr\bin\jimage.dll
0x00007fff88680000 - 0x00007fff88864000 	C:\Windows\SYSTEM32\DBGHELP.DLL
0x00007fff7e4b0000 - 0x00007fff7e4e5000 	C:\Windows\SYSTEM32\dbgcore.DLL
0x00007fff9ce00000 - 0x00007fff9ce82000 	C:\Windows\System32\bcryptPrimitives.dll
0x00007fff94050000 - 0x00007fff94070000 	C:\Program Files\JetBrains\PyCharm 2025.1.1.1\jbr\bin\java.dll

dbghelp: loaded successfully - version: 4.0.5 - missing functions: none
symbol engine: initialized successfully - sym options: 0x614 - pdb path: .;C:\Program Files\JetBrains\PyCharm 2025.1.1.1\jbr\bin;C:\Windows\SYSTEM32;C:\Windows\WinSxS\amd64_microsoft.windows.common-controls_6595b64144ccf1df_6.0.19041.1110_none_60b5254171f9507e;C:\Program Files\JetBrains\PyCharm 2025.1.1.1\jbr\bin\server

VM Arguments:
java_command: git4idea.http.GitAskPassApp Username for 'https://github.com': 
java_class_path (initial): C:/Program Files/JetBrains/PyCharm 2025.1.1.1/plugins/vcs-git/lib/git4idea-rt.jar;C:/Program Files/JetBrains/PyCharm 2025.1.1.1/lib/externalProcess-rt.jar
Launcher Type: SUN_STANDARD

[Global flags]
     intx CICompilerCount                          = 4                                         {product} {ergonomic}
     uint ConcGCThreads                            = 2                                         {product} {ergonomic}
     uint G1ConcRefinementThreads                  = 8                                         {product} {ergonomic}
   size_t G1HeapRegionSize                         = 1048576                                   {product} {ergonomic}
    uintx GCDrainStackTargetSize                   = 64                                        {product} {ergonomic}
   size_t InitialHeapSize                          = 130023424                                 {product} {ergonomic}
   size_t MarkStackSize                            = 4194304                                   {product} {ergonomic}
   size_t MaxHeapSize                              = 2074083328                                {product} {ergonomic}
   size_t MinHeapDeltaBytes                        = 1048576                                   {product} {ergonomic}
   size_t MinHeapSize                              = 8388608                                   {product} {ergonomic}
    uintx NonNMethodCodeHeapSize                   = 5839372                                {pd product} {ergonomic}
    uintx NonProfiledCodeHeapSize                  = 122909434                              {pd product} {ergonomic}
    uintx ProfiledCodeHeapSize                     = 122909434                              {pd product} {ergonomic}
    uintx ReservedCodeCacheSize                    = 251658240                              {pd product} {ergonomic}
     bool SegmentedCodeCache                       = true                                      {product} {ergonomic}
   size_t SoftMaxHeapSize                          = 2074083328                             {manageable} {ergonomic}
     bool UseCompressedOops                        = true                           {product lp64_product} {ergonomic}
     bool UseG1GC                                  = true                                      {product} {ergonomic}
     bool UseLargePagesIndividualAllocation        = false                                  {pd product} {ergonomic}

Logging:
Log output configuration:
 #0: stdout all=warning uptime,level,tags foldmultilines=false
 #1: stderr all=off uptime,level,tags foldmultilines=false

Environment Variables:
PATH=C:/Program Files/Git/mingw64/libexec/git-core;C:/Program Files/Git/mingw64/libexec/git-core;C:\Program Files\Git\mingw64\bin;C:\Program Files\Git\usr\bin;C:\Users\Leal Tec\bin;C:\Users\Leal Tec\Desktop\CursoemVideo\.venv\Scripts;C:\Windows\system32;C:\Windows;C:\Windows\System32\Wbem;C:\Windows\System32\WindowsPowerShell\v1.0\;C:\Windows\System32\OpenSSH\;C:\Program Files (x86)\dotnet\;C:\Program Files\NVIDIA Corporation\NVIDIA NvDLISR;C:\Program Files (x86)\NVIDIA Corporation\PhysX\Common;C:\ProgramData\chocolatey\bin;C:\Program Files\nodejs\;C:\Program Files\Git\cmd;C:\Users\Leal Tec\AppData\Local\Microsoft\WindowsApps;C:\Users\Leal Tec\AppData\Local\Programs\Microsoft VS Code\bin;C:\Users\Leal Tec\AppData\Roaming\npm;C:\Users\Leal Tec\AppData\Local\GitHubDesktop\bin
USERNAME=AGNA
DISPLAY=:0.0
LC_ALL=en_US.UTF-8
TERM=xterm-256color
TMPDIR=C:\Users\LEALTE~1\AppData\Local\Temp
OS=Windows_NT
PROCESSOR_IDENTIFIER=Intel64 Family 6 Model 142 Stepping 12, GenuineIntel
TMP=C:\Users\LEALTE~1\AppData\Local\Temp
TEMP=C:\Users\LEALTE~1\AppData\Local\Temp




Periodic native trim disabled

JNI global refs:
JNI global refs: 0, weak refs: 0

JNI global refs memory usage: 0, weak refs: 0

Process memory usage:
Resident Set Size: 10700K (0% of 8098740K total physical memory with 2137564K free physical memory)

OOME stack traces (most recent first):
Classloader memory used:

---------------  S Y S T E M  ---------------

OS:
 Windows 10 , 64 bit Build 19041 (10.0.19041.2364)
OS uptime: 1 days 2:59 hours

CPU: total 8 (initial active 8) (4 cores per cpu, 2 threads per core) family 6 model 142 stepping 12 microcode 0xc6, cx8, cmov, fxsr, ht, mmx, 3dnowpref, sse, sse2, sse3, ssse3, sse4.1, sse4.2, popcnt, lzcnt, tsc, tscinvbit, avx, avx2, aes, erms, clmul, bmi1, bmi2, adx, fma, vzeroupper, clflush, clflushopt, rdtscp, f16c
Processor Information for the first 8 processors :
  Max Mhz: 2112, Current Mhz: 1609, Mhz Limit: 1605

Memory: 4k page, system-wide physical 7908M (2087M free)
TotalPageFile size 13908M (AvailPageFile size 112M)
current process WorkingSet (physical memory assigned to process): 10M, peak: 10M
current process commit charge ("private bytes"): 60M, peak: 184M

vm_info: OpenJDK 64-Bit Server VM (21.0.6+9-b895.109) for windows-amd64 JRE (21.0.6+9-b895.109), built on 2025-03-26 by "builduser" with MS VC++ 16.10 / 16.11 (VS2019)

END.
